  Building 'wfpdriver' with toolset 'WindowsKernelModeDriver10.0' and the 'Universal' target platform.
  Stamping x64\Debug\wfpdriver.inf
  Stamping [Version] section with DriverVer=09/03/2021,10.10.41.211
  callouts.c
D:\wfp_datalink_mac_demo\wfpdriver\callouts.c(124,66): warning C4047: “=”:“UINT32”与“UINT32 *”的间接级别不同
D:\wfp_datalink_mac_demo\wfpdriver\callouts.c(101,14): warning C4100: “flowContext”: 未引用的形参
D:\wfp_datalink_mac_demo\wfpdriver\callouts.c(99,23): warning C4100: “classifyContext”: 未引用的形参
D:\wfp_datalink_mac_demo\wfpdriver\callouts.c(98,20): warning C4100: “layerData”: 未引用的形参
D:\wfp_datalink_mac_demo\wfpdriver\callouts.c(215,14): warning C4100: “flowContext”: 未引用的形参
D:\wfp_datalink_mac_demo\wfpdriver\callouts.c(213,23): warning C4100: “classifyContext”: 未引用的形参
D:\wfp_datalink_mac_demo\wfpdriver\callouts.c(211,44): warning C4100: “inMetaValues”: 未引用的形参
D:\wfp_datalink_mac_demo\wfpdriver\callouts.c(279,32): warning C4100: “notifyType”: 未引用的形参
D:\wfp_datalink_mac_demo\wfpdriver\callouts.c(296,21): warning C4101: “lh”: 未引用的局部变量
D:\wfp_datalink_mac_demo\wfpdriver\callouts.c(463,67): warning C4305: “=”: 从“int”到“UINT8”截断
D:\wfp_datalink_mac_demo\wfpdriver\callouts.c(609,3): warning C4047: “函数”:“UINT32 *”与“UINT32”的间接级别不同
D:\wfp_datalink_mac_demo\wfpdriver\callouts.c(608,4): warning C4024: “helper_callout_registerCallout”: 形参和实参 7 的类型不同
D:\wfp_datalink_mac_demo\wfpdriver\callouts.c(620,3): warning C4047: “函数”:“UINT32 *”与“UINT32”的间接级别不同
D:\wfp_datalink_mac_demo\wfpdriver\callouts.c(619,4): warning C4024: “helper_callout_registerCallout”: 形参和实参 7 的类型不同
D:\wfp_datalink_mac_demo\wfpdriver\callouts.c(711,16): warning C4242: “return”: 从“NTSTATUS”转换到“BOOLEAN”，可能丢失数据
D:\wfp_datalink_mac_demo\wfpdriver\callouts.c(750,15): warning C4242: “return”: 从“NTSTATUS”转换到“BOOLEAN”，可能丢失数据
D:\wfp_datalink_mac_demo\wfpdriver\callouts.c(767,45): warning C4020: “FwpsCalloutUnregisterByKey0”: 实参太多
D:\wfp_datalink_mac_demo\wfpdriver\callouts.c(768,45): warning C4020: “FwpsCalloutUnregisterByKey0”: 实参太多
D:\wfp_datalink_mac_demo\wfpdriver\callouts.c(755,35): warning C4189: “pcalloutsflowCtx”: 局部变量已初始化但不引用
D:\wfp_datalink_mac_demo\wfpdriver\callouts.c(756,26): warning C4189: “pcalloutsDatalinkCtx”: 局部变量已初始化但不引用
  datalinkctx.c
  devctrl.c
D:\wfp_datalink_mac_demo\wfpdriver\devctrl.c(40,10): warning C4189: “pid”: 局部变量已初始化但不引用
D:\wfp_datalink_mac_demo\wfpdriver\devctrl.c(38,21): warning C4101: “lh”: 未引用的局部变量
D:\wfp_datalink_mac_demo\wfpdriver\devctrl.c(139,42): warning C4133: “=”: 从“PLIST_ENTRY”到“PNF_QUEUE_ENTRY”的类型不兼容
D:\wfp_datalink_mac_demo\wfpdriver\devctrl.c(272,56): warning C4133: “=”: 从“PLIST_ENTRY”到“PNF_DATALINK_BUFFER”的类型不兼容
D:\wfp_datalink_mac_demo\wfpdriver\devctrl.c(338,59): warning C4133: “=”: 从“PLIST_ENTRY”到“PNF_FLOWESTABLISHED_BUFFER”的类型不兼容
D:\wfp_datalink_mac_demo\wfpdriver\devctrl.c(431,11): warning C4100: “StartContext”: 未引用的形参
  driver.c
D:\wfp_datalink_mac_demo\wfpdriver\driver.c(25,22): warning C4100: “registryPath”: 未引用的形参
D:\wfp_datalink_mac_demo\wfpdriver\driver.c(83,50): warning C4047: “函数”:“PDEVICE_OBJECT”与“PDEVICE_OBJECT *”的间接级别不同
D:\wfp_datalink_mac_demo\wfpdriver\driver.c(83,34): warning C4024: “callout_init”: 形参和实参 1 的类型不同
D:\wfp_datalink_mac_demo\wfpdriver\driver.c(177,11): warning C4189: “status”: 局部变量已初始化但不引用
  establishedctx.c
D:\wfp_datalink_mac_demo\wfpdriver\establishedctx.c(37,58): warning C4133: “=”: 从“PLIST_ENTRY”到“PNF_FLOWESTABLISHED_BUFFER”的类型不兼容
D:\wfp_datalink_mac_demo\wfpdriver\establishedctx.c(103,52): warning C4133: “函数”: 从“PNF_FLOWESTABLISHED_BUFFER”到“PLIST_ENTRY”的类型不兼容
  flowctl.c
  util.c
  正在生成代码...
  wfpdriver.vcxproj -> D:\wfp_datalink_mac_demo\x64\Debug\wfpdriver.sys
  Done Adding Additional Store
  Successfully signed: D:\wfp_datalink_mac_demo\x64\Debug\wfpdriver.sys
  
  Driver is 'Universal'.
  ........................
  Signability test complete.
  
  Errors:
  None
  
  Warnings:
  None
  
  Catalog generation complete.
  D:\wfp_datalink_mac_demo\x64\Debug\wfpdriver\wfpdriver.cat
  Done Adding Additional Store
  Successfully signed: D:\wfp_datalink_mac_demo\x64\Debug\wfpdriver\wfpdriver.cat
  
